<?xml version="1.0" encoding="UTF-8"?>
<testng-results ignored="0" total="1" passed="1" failed="0" skipped="0">
  <reporter-output>
  </reporter-output>
  <suite started-at="2021-06-02T07:54:25Z" name="Suite" finished-at="2021-06-02T07:55:18Z" duration-ms="53018">
    <groups>
    </groups>
    <test started-at="2021-06-02T07:54:25Z" name="Test" finished-at="2021-06-02T07:55:18Z" duration-ms="53018">
      <class name="com.inetbanking.testCases.Customer">
        <test-method is-config="true" signature="setup(java.lang.String)[pri:0, instance:com.inetbanking.testCases.Customer@7ee8290b]" started-at="2021-06-02T07:54:25Z" name="setup" finished-at="2021-06-02T07:54:59Z" duration-ms="33651" status="PASS">
          <params>
            <param index="0">
              <value>
                <![CDATA[chrome]]>
              </value>
            </param>
          </params>
          <reporter-output>
          </reporter-output>
        </test-method> <!-- setup -->
        <test-method signature="AddNewCustomer()[pri:0, instance:com.inetbanking.testCases.Customer@7ee8290b]" started-at="2021-06-02T07:54:59Z" name="AddNewCustomer" finished-at="2021-06-02T07:55:17Z" duration-ms="18359" status="PASS">
          <reporter-output>
          </reporter-output>
        </test-method> <!-- AddNewCustomer -->
        <test-method is-config="true" signature="teardown()[pri:0, instance:com.inetbanking.testCases.Customer@7ee8290b]" started-at="2021-06-02T07:55:17Z" name="teardown" finished-at="2021-06-02T07:55:18Z" duration-ms="638" status="PASS">
          <reporter-output>
          </reporter-output>
        </test-method> <!-- teardown -->
      </class> <!-- com.inetbanking.testCases.Customer -->
    </test> <!-- Test -->
  </suite> <!-- Suite -->
</testng-results>
